<?xml version="1.0" encoding="UTF-8"?>
<!-- Generated by org.testng.reporters.JUnitXMLReporter -->
<testsuite ignored="0" hostname="REM-LT-221216B" failures="0" tests="9" name="Default test" time="5.447" errors="0" timestamp="2022-12-30T16:57:54 CST">
  <testcase classname="com.unosquare.newClassApi" name="PostCreate" time="1.824"/>
  <testcase classname="com.unosquare.newClassApi" name="PostLogin" time="0.45"/>
  <testcase classname="com.unosquare.newClassApi" name="PostRegister" time="0.455"/>
  <testcase classname="com.unosquare.newClassApi" name="PostRegisterUnsuccessful" time="0.438"/>
  <testcase classname="com.unosquare.newClassApi" name="PutUser" time="0.424"/>
  <testcase classname="com.unosquare.newClassApi" name="getListUnknown" time="0.94"/>
  <testcase classname="com.unosquare.newClassApi" name="getListUsers" time="0.231"/>
  <testcase classname="com.unosquare.newClassApi" name="getResource" time="0.482"/>
  <testcase classname="com.unosquare.newClassApi" name="getUser2" time="0.166"/>
</testsuite> <!-- Default test -->
